Using pre-set license
Built from '2020.2/release' branch; Version is '2020.2.2f1 (068178b99f32) revision 426360'; Using compiler version '192528614'; Build Type 'Release'
OS: 'Windows 10 Enterprise; OS build 18363.1440; Version 1909; 64bit' Language: 'en' Physical Memory: 16304 MB
BatchMode: 1, IsHumanControllingUs: 0, StartBugReporterOnCrash: 0, Is64bit: 1, IsPro: 0

 COMMAND LINE ARGUMENTS:
C:\Program Files\Unity\Hub\Editor\2020.2.2f1\Editor\Unity.exe
-adb2
-batchMode
-noUpm
-name
AssetImportWorker0
-projectPath
C:/Users/Ryan.Abela/Documents/GitHub/New Shaders
-logFile
Logs/AssetImportWorker0.log
-srvPort
52551
Successfully changed project path to: C:/Users/Ryan.Abela/Documents/GitHub/New Shaders
C:/Users/Ryan.Abela/Documents/GitHub/New Shaders
Using Asset Import Pipeline V2.
Refreshing native plugins compatible for Editor in 26.88 ms, found 0 plugins.
Preloading 0 native plugins for Editor in 0.00 ms.
Initialize engine version: 2020.2.2f1 (068178b99f32)
[Subsystems] Discovering subsystems at path C:/Program Files/Unity/Hub/Editor/2020.2.2f1/Editor/Data/Resources/UnitySubsystems
[Subsystems] Discovering subsystems at path C:/Users/Ryan.Abela/Documents/GitHub/New Shaders/Assets
GfxDevice: creating device client; threaded=0
Direct3D:
    Version:  Direct3D 11.0 [level 11.0]
    Renderer: NVIDIA Quadro K2200  (ID=0x13ba)
    Vendor:   
    VRAM:     4035 MB
    Driver:   10.18.13.5362
Initialize mono
Mono path[0] = 'C:/Program Files/Unity/Hub/Editor/2020.2.2f1/Editor/Data/Managed'
Mono path[1] = 'C:/Program Files/Unity/Hub/Editor/2020.2.2f1/Editor/Data/MonoBleedingEdge/lib/mono/unityjit'
Mono config path = 'C:/Program Files/Unity/Hub/Editor/2020.2.2f1/Editor/Data/MonoBleedingEdge/etc'
Using monoOptions --debugger-agent=transport=dt_socket,embedding=1,server=y,suspend=n,address=127.0.0.1:56000
Begin MonoManager ReloadAssembly
Registering precompiled unity dll's ...
Register platform support module: C:/Program Files/Unity/Hub/Editor/2020.2.2f1/Editor/Data/PlaybackEngines/WindowsStandaloneSupport/UnityEditor.WindowsStandalone.Extensions.dll
Registered in 0.001429 seconds.
Native extension for WindowsStandalone target not found
Refreshing native plugins compatible for Editor in 24.98 ms, found 0 plugins.
Preloading 0 native plugins for Editor in 0.00 ms.
Invoked RoslynAnalysisRunner static constructor.
RoslynAnalysisRunner will not be running.
RoslynAnalysisRunner has terminated.
Mono: successfully reloaded assembly
- Completed reload, in  1.556 seconds
Platform modules already initialized, skipping
Registering precompiled user dll's ...
Registered in 0.000543 seconds.
Begin MonoManager ReloadAssembly
Native extension for WindowsStandalone target not found
Refreshing native plugins compatible for Editor in 0.21 ms, found 0 plugins.
Preloading 0 native plugins for Editor in 0.00 ms.
Invoked RoslynAnalysisRunner static constructor.
RoslynAnalysisRunner will not be running.
RoslynAnalysisRunner has terminated.
Mono: successfully reloaded assembly
- Completed reload, in  0.795 seconds
Platform modules already initialized, skipping
========================================================================
Worker process is ready to serve import requests
Launched and connected shader compiler UnityShaderCompiler.exe after 0.05 seconds
Refreshing native plugins compatible for Editor in 0.34 ms, found 0 plugins.
Preloading 0 native plugins for Editor in 0.00 ms.
Unloading 1100 Unused Serialized files (Serialized files now loaded: 0)
System memory in use before: 56.7 MB.
System memory in use after: 56.7 MB.

Unloading 11 unused Assets to reduce memory usage. Loaded Objects now: 1540.
Total: 1.944100 ms (FindLiveObjects: 0.126300 ms CreateObjectMapping: 0.035200 ms MarkObjects: 1.640800 ms  DeleteObjects: 0.140700 ms)

========================================================================
Received Import Request.
  path: Assets/Assets/UnlitShader.shader
  artifactKey: Guid(6f6595fb0bdaa734e88255a458aff14c) Importer(815301076,1909f56bfc062723c751e8b465ee728b)
Start importing Assets/Assets/UnlitShader.shader using Guid(6f6595fb0bdaa734e88255a458aff14c) Importer(815301076,1909f56bfc062723c751e8b465ee728b)  -> (artifact id: '98c3ddb53386fc16002427375c712de1') in 0.033561 seconds
  Import took 0.035349 seconds .

========================================================================
Received Import Request.
  Time since last request: 10.120107 seconds.
  path: Assets/Assets/UnlitShader.shader
  artifactKey: Guid(6f6595fb0bdaa734e88255a458aff14c) Importer(815301076,1909f56bfc062723c751e8b465ee728b)
Start importing Assets/Assets/UnlitShader.shader using Guid(6f6595fb0bdaa734e88255a458aff14c) Importer(815301076,1909f56bfc062723c751e8b465ee728b)  -> (artifact id: 'c6a9dd8fff7b712cec034e782c22b3d6') in 0.003232 seconds
  Import took 0.005284 seconds .

========================================================================
Received Prepare
Registering precompiled user dll's ...
Registered in 0.000585 seconds.
Begin MonoManager ReloadAssembly
Native extension for WindowsStandalone target not found
Refreshing native plugins compatible for Editor in 0.18 ms, found 0 plugins.
Preloading 0 native plugins for Editor in 0.00 ms.
Invoked RoslynAnalysisRunner static constructor.
RoslynAnalysisRunner will not be running.
RoslynAnalysisRunner has terminated.
Mono: successfully reloaded assembly
- Completed reload, in  0.770 seconds
Platform modules already initialized, skipping
Refreshing native plugins compatible for Editor in 0.35 ms, found 0 plugins.
Preloading 0 native plugins for Editor in 0.00 ms.
Unloading 1095 Unused Serialized files (Serialized files now loaded: 0)
System memory in use before: 56.8 MB.
System memory in use after: 56.8 MB.

Unloading 6 unused Assets to reduce memory usage. Loaded Objects now: 1542.
Total: 2.001700 ms (FindLiveObjects: 0.184400 ms CreateObjectMapping: 0.093100 ms MarkObjects: 1.591800 ms  DeleteObjects: 0.131000 ms)

========================================================================
Received Import Request.
  Time since last request: 33.810311 seconds.
  path: Assets/Assets/UnlitShader.shader
  artifactKey: Guid(6f6595fb0bdaa734e88255a458aff14c) Importer(815301076,1909f56bfc062723c751e8b465ee728b)
Start importing Assets/Assets/UnlitShader.shader using Guid(6f6595fb0bdaa734e88255a458aff14c) Importer(815301076,1909f56bfc062723c751e8b465ee728b)  -> (artifact id: '01d6557826d213192e33b40b7beea9a4') in 0.010754 seconds
  Import took 0.012871 seconds .

========================================================================
Received Prepare
Registering precompiled user dll's ...
Registered in 0.000653 seconds.
Begin MonoManager ReloadAssembly
Native extension for WindowsStandalone target not found
Refreshing native plugins compatible for Editor in 0.17 ms, found 0 plugins.
Preloading 0 native plugins for Editor in 0.00 ms.
Invoked RoslynAnalysisRunner static constructor.
RoslynAnalysisRunner will not be running.
RoslynAnalysisRunner has terminated.
Mono: successfully reloaded assembly
- Completed reload, in  0.792 seconds
Platform modules already initialized, skipping
Refreshing native plugins compatible for Editor in 0.43 ms, found 0 plugins.
Preloading 0 native plugins for Editor in 0.00 ms.
Unloading 1095 Unused Serialized files (Serialized files now loaded: 0)
System memory in use before: 56.9 MB.
System memory in use after: 56.9 MB.

Unloading 6 unused Assets to reduce memory usage. Loaded Objects now: 1544.
Total: 1.631600 ms (FindLiveObjects: 0.135000 ms CreateObjectMapping: 0.025600 ms MarkObjects: 1.377400 ms  DeleteObjects: 0.092600 ms)

========================================================================
Received Import Request.
  Time since last request: 13.557866 seconds.
  path: Assets/Assets/New Material.mat
  artifactKey: Guid(3a8fe8496e7b8a24e89b6dd822f33dac) Importer(815301076,1909f56bfc062723c751e8b465ee728b)
Start importing Assets/Assets/New Material.mat using Guid(3a8fe8496e7b8a24e89b6dd822f33dac) Importer(815301076,1909f56bfc062723c751e8b465ee728b)  -> (artifact id: '6b10c4d4ad0815bc4bb0ca4585b276a6') in 0.139518 seconds
  Import took 0.141983 seconds .

========================================================================
Received Import Request.
  Time since last request: 11.294781 seconds.
  path: Assets/Assets/New Material.mat
  artifactKey: Guid(3a8fe8496e7b8a24e89b6dd822f33dac) Importer(815301076,1909f56bfc062723c751e8b465ee728b)
Start importing Assets/Assets/New Material.mat using Guid(3a8fe8496e7b8a24e89b6dd822f33dac) Importer(815301076,1909f56bfc062723c751e8b465ee728b)  -> (artifact id: '3c609f0dcca345b9a665d7d8672a781d') in 0.018919 seconds
  Import took 0.022040 seconds .

========================================================================
Received Import Request.
  Time since last request: 3683.655126 seconds.
  path: Assets/Assets/New Material.mat
  artifactKey: Guid(3a8fe8496e7b8a24e89b6dd822f33dac) Importer(815301076,1909f56bfc062723c751e8b465ee728b)
Start importing Assets/Assets/New Material.mat using Guid(3a8fe8496e7b8a24e89b6dd822f33dac) Importer(815301076,1909f56bfc062723c751e8b465ee728b)  -> (artifact id: 'faab908e4f3da8387203e95b90ee3ae3') in 0.030046 seconds
  Import took 0.033498 seconds .

========================================================================
Received Import Request.
  Time since last request: 3557.150992 seconds.
  path: Assets/Assets/New Material.mat
  artifactKey: Guid(3a8fe8496e7b8a24e89b6dd822f33dac) Importer(815301076,1909f56bfc062723c751e8b465ee728b)
Start importing Assets/Assets/New Material.mat using Guid(3a8fe8496e7b8a24e89b6dd822f33dac) Importer(815301076,1909f56bfc062723c751e8b465ee728b)  -> (artifact id: '152707a5e32550a35696a5f24157b690') in 0.025926 seconds
  Import took 0.029041 seconds .

========================================================================
Received Prepare
Registering precompiled user dll's ...
Registered in 0.000634 seconds.
Begin MonoManager ReloadAssembly
Native extension for WindowsStandalone target not found
Refreshing native plugins compatible for Editor in 0.18 ms, found 0 plugins.
Preloading 0 native plugins for Editor in 0.00 ms.
Invoked RoslynAnalysisRunner static constructor.
RoslynAnalysisRunner will not be running.
RoslynAnalysisRunner has terminated.
Mono: successfully reloaded assembly
- Completed reload, in  0.763 seconds
Platform modules already initialized, skipping
Refreshing native plugins compatible for Editor in 0.48 ms, found 0 plugins.
Preloading 0 native plugins for Editor in 0.00 ms.
Unloading 1095 Unused Serialized files (Serialized files now loaded: 0)
System memory in use before: 60.4 MB.
System memory in use after: 60.4 MB.

Unloading 5 unused Assets to reduce memory usage. Loaded Objects now: 1587.
Total: 2.140800 ms (FindLiveObjects: 0.158900 ms CreateObjectMapping: 0.041700 ms MarkObjects: 1.875300 ms  DeleteObjects: 0.063400 ms)

========================================================================
Received Import Request.
  Time since last request: 1367.025624 seconds.
  path: Assets/Assets/New Material.mat
  artifactKey: Guid(3a8fe8496e7b8a24e89b6dd822f33dac) Importer(815301076,1909f56bfc062723c751e8b465ee728b)
Start importing Assets/Assets/New Material.mat using Guid(3a8fe8496e7b8a24e89b6dd822f33dac) Importer(815301076,1909f56bfc062723c751e8b465ee728b)  -> (artifact id: 'ebd0ef9e5d85ed9ae3f7d47e5ab05b3f') in 0.067903 seconds
  Import took 0.069874 seconds .

AssetImportWorkerClient::OnTransportError - code=2 error=End of file
