Using pre-set license
Built from '2020.2/release' branch; Version is '2020.2.2f1 (068178b99f32) revision 426360'; Using compiler version '192528614'; Build Type 'Release'
OS: 'Windows 10 Home; OS build 19042.867; Version 2009; 64bit' Language: 'en' Physical Memory: 16310 MB
BatchMode: 1, IsHumanControllingUs: 0, StartBugReporterOnCrash: 0, Is64bit: 1, IsPro: 0

 COMMAND LINE ARGUMENTS:
C:\Program Files\Unity\Hub\Editor\2020.2.2f1\Editor\Unity.exe
-adb2
-batchMode
-noUpm
-name
AssetImportWorker0
-projectPath
C:/Users/ryana/Documents/GitHub/New-Shaders
-logFile
Logs/AssetImportWorker0.log
-srvPort
58720
Successfully changed project path to: C:/Users/ryana/Documents/GitHub/New-Shaders
C:/Users/ryana/Documents/GitHub/New-Shaders
Using Asset Import Pipeline V2.
Refreshing native plugins compatible for Editor in 33.67 ms, found 0 plugins.
Preloading 0 native plugins for Editor in 0.00 ms.
Initialize engine version: 2020.2.2f1 (068178b99f32)
[Subsystems] Discovering subsystems at path C:/Program Files/Unity/Hub/Editor/2020.2.2f1/Editor/Data/Resources/UnitySubsystems
[Subsystems] Discovering subsystems at path C:/Users/ryana/Documents/GitHub/New-Shaders/Assets
GfxDevice: creating device client; threaded=0
Direct3D:
    Version:  Direct3D 11.0 [level 11.0]
    Renderer: NVIDIA GeForce GTX 860M (ID=0x1392)
    Vendor:   
    VRAM:     4055 MB
    Driver:   27.21.14.6589
Initialize mono
Mono path[0] = 'C:/Program Files/Unity/Hub/Editor/2020.2.2f1/Editor/Data/Managed'
Mono path[1] = 'C:/Program Files/Unity/Hub/Editor/2020.2.2f1/Editor/Data/MonoBleedingEdge/lib/mono/unityjit'
Mono config path = 'C:/Program Files/Unity/Hub/Editor/2020.2.2f1/Editor/Data/MonoBleedingEdge/etc'
Using monoOptions --debugger-agent=transport=dt_socket,embedding=1,server=y,suspend=n,address=127.0.0.1:56824
Begin MonoManager ReloadAssembly
Registering precompiled unity dll's ...
Register platform support module: C:/Program Files/Unity/Hub/Editor/2020.2.2f1/Editor/Data/PlaybackEngines/WindowsStandaloneSupport/UnityEditor.WindowsStandalone.Extensions.dll
Registered in 0.004326 seconds.
Native extension for WindowsStandalone target not found
Refreshing native plugins compatible for Editor in 25.59 ms, found 0 plugins.
Preloading 0 native plugins for Editor in 0.00 ms.
Invoked RoslynAnalysisRunner static constructor.
RoslynAnalysisRunner will not be running.
RoslynAnalysisRunner has terminated.
Mono: successfully reloaded assembly
- Completed reload, in  1.474 seconds
Platform modules already initialized, skipping
Registering precompiled user dll's ...
Registered in 0.001907 seconds.
Begin MonoManager ReloadAssembly
Native extension for WindowsStandalone target not found
Refreshing native plugins compatible for Editor in 0.23 ms, found 0 plugins.
Preloading 0 native plugins for Editor in 0.00 ms.
Invoked RoslynAnalysisRunner static constructor.
RoslynAnalysisRunner will not be running.
RoslynAnalysisRunner has terminated.
Mono: successfully reloaded assembly
- Completed reload, in  1.009 seconds
Platform modules already initialized, skipping
========================================================================
Worker process is ready to serve import requests
Launched and connected shader compiler UnityShaderCompiler.exe after 0.07 seconds
Refreshing native plugins compatible for Editor in 0.29 ms, found 0 plugins.
Preloading 0 native plugins for Editor in 0.00 ms.
Unloading 1101 Unused Serialized files (Serialized files now loaded: 0)
System memory in use before: 56.7 MB.
System memory in use after: 56.8 MB.

Unloading 9 unused Assets to reduce memory usage. Loaded Objects now: 1543.
Total: 2.178900 ms (FindLiveObjects: 0.182900 ms CreateObjectMapping: 0.076500 ms MarkObjects: 1.829600 ms  DeleteObjects: 0.089000 ms)

========================================================================
Received Import Request.
  path: Assets/Scenes/SampleScene.unity
  artifactKey: Guid(9fc0d4010bbf28b4594072e72b8655ab) Importer(815301076,1909f56bfc062723c751e8b465ee728b)
Start importing Assets/Scenes/SampleScene.unity using Guid(9fc0d4010bbf28b4594072e72b8655ab) Importer(815301076,1909f56bfc062723c751e8b465ee728b)  -> (artifact id: 'e99d0bebbd4cd5ecc2db65b4e05a3f8c') in 0.018966 seconds
  Import took 0.021347 seconds .

========================================================================
Received Import Request.
  Time since last request: 264.365831 seconds.
  path: Assets/Assets/New Material.mat
  artifactKey: Guid(3a8fe8496e7b8a24e89b6dd822f33dac) Importer(815301076,1909f56bfc062723c751e8b465ee728b)
Start importing Assets/Assets/New Material.mat using Guid(3a8fe8496e7b8a24e89b6dd822f33dac) Importer(815301076,1909f56bfc062723c751e8b465ee728b)  -> (artifact id: '78f74e473c3d5d73710dac6edbcd11ed') in 0.137299 seconds
  Import took 0.140135 seconds .

========================================================================
Received Import Request.
  Time since last request: 0.000244 seconds.
  path: Assets/Assets/UnlitShader.mat
  artifactKey: Guid(d4aec0d7d98339245ba621f9a8b85402) Importer(815301076,1909f56bfc062723c751e8b465ee728b)
Start importing Assets/Assets/UnlitShader.mat using Guid(d4aec0d7d98339245ba621f9a8b85402) Importer(815301076,1909f56bfc062723c751e8b465ee728b)  -> (artifact id: '3b03a9ed5e70057e0f08e8ec6151fe89') in 0.022002 seconds
  Import took 0.024750 seconds .

========================================================================
Received Import Request.
  Time since last request: 0.565186 seconds.
  path: Assets/Assets
  artifactKey: Guid(eaa77000b35309846994c780affe2eb6) Importer(815301076,1909f56bfc062723c751e8b465ee728b)
Start importing Assets/Assets using Guid(eaa77000b35309846994c780affe2eb6) Importer(815301076,1909f56bfc062723c751e8b465ee728b)  -> (artifact id: '034a288be8730f143d69ac8440a615c9') in 0.005969 seconds
  Import took 0.008521 seconds .

========================================================================
Received Import Request.
  Time since last request: 17.029213 seconds.
  path: Assets/Assets/Health Bar.shader
  artifactKey: Guid(17d6fcd229d404345bbf684aedf2f499) Importer(815301076,1909f56bfc062723c751e8b465ee728b)
Start importing Assets/Assets/Health Bar.shader using Guid(17d6fcd229d404345bbf684aedf2f499) Importer(815301076,1909f56bfc062723c751e8b465ee728b)  -> (artifact id: 'c5805ae1befc7a9bfbb99703f1cb489f') in 0.011896 seconds
  Import took 0.014501 seconds .

========================================================================
Received Import Request.
  Time since last request: 0.203436 seconds.
  path: Assets/Assets/Health Bar.shader
  artifactKey: Guid(17d6fcd229d404345bbf684aedf2f499) Importer(815301076,1909f56bfc062723c751e8b465ee728b)
Start importing Assets/Assets/Health Bar.shader using Guid(17d6fcd229d404345bbf684aedf2f499) Importer(815301076,1909f56bfc062723c751e8b465ee728b)  -> (artifact id: 'c5805ae1befc7a9bfbb99703f1cb489f') in 0.006902 seconds
  Import took 0.009317 seconds .

========================================================================
Received Import Request.
  Time since last request: 12.810353 seconds.
  path: Assets/Assets/Health Bar.mat
  artifactKey: Guid(181744b811e27164eabdd6877fa3b44f) Importer(815301076,1909f56bfc062723c751e8b465ee728b)
Start importing Assets/Assets/Health Bar.mat using Guid(181744b811e27164eabdd6877fa3b44f) Importer(815301076,1909f56bfc062723c751e8b465ee728b)  -> (artifact id: '63f0a8b5708e0c90a483c70c5572c0f1') in 0.020575 seconds
  Import took 0.023221 seconds .

========================================================================
Received Import Request.
  Time since last request: 276.300744 seconds.
  path: Assets/Assets/Health Bar.shader
  artifactKey: Guid(17d6fcd229d404345bbf684aedf2f499) Importer(815301076,1909f56bfc062723c751e8b465ee728b)
Start importing Assets/Assets/Health Bar.shader using Guid(17d6fcd229d404345bbf684aedf2f499) Importer(815301076,1909f56bfc062723c751e8b465ee728b)  -> (artifact id: '4036667aed0c2aa8ddf0a694ae14371e') in 0.008128 seconds
  Import took 0.010890 seconds .

========================================================================
Received Import Request.
  Time since last request: 258.927426 seconds.
  path: Assets/Assets/UnlitShader 1.shader
  artifactKey: Guid(b66b5cb28fe15df43b0bb8310c910ae8) Importer(815301076,1909f56bfc062723c751e8b465ee728b)
Start importing Assets/Assets/UnlitShader 1.shader using Guid(b66b5cb28fe15df43b0bb8310c910ae8) Importer(815301076,1909f56bfc062723c751e8b465ee728b)  -> (artifact id: 'f6a2bd94d2fcdd1c76c840028771623e') in 0.007163 seconds
  Import took 0.010050 seconds .

========================================================================
Received Import Request.
  Time since last request: 51.903067 seconds.
  path: Assets/Assets/Health Bar.mat
  artifactKey: Guid(181744b811e27164eabdd6877fa3b44f) Importer(815301076,1909f56bfc062723c751e8b465ee728b)
Start importing Assets/Assets/Health Bar.mat using Guid(181744b811e27164eabdd6877fa3b44f) Importer(815301076,1909f56bfc062723c751e8b465ee728b)  -> (artifact id: '12446518baa4d2d0a54dafdbbf470fd3') in 0.022992 seconds
  Import took 0.025640 seconds .

========================================================================
Received Import Request.
  Time since last request: 0.000250 seconds.
  path: Assets/Assets/New TMP Color Gradient.asset
  artifactKey: Guid(d0d6a13697991b44a9bbf0503c060505) Importer(815301076,1909f56bfc062723c751e8b465ee728b)
Start importing Assets/Assets/New TMP Color Gradient.asset using Guid(d0d6a13697991b44a9bbf0503c060505) Importer(815301076,1909f56bfc062723c751e8b465ee728b)  -> (artifact id: 'fd93ba697518ae6ee8e7103ccfab3f99') in 0.011968 seconds
  Import took 0.014167 seconds .

========================================================================
Received Import Request.
  Time since last request: 111.491429 seconds.
  path: Assets/Assets/healthbar.png
  artifactKey: Guid(2f54172f8c39f5947965c2881af05085) Importer(815301076,1909f56bfc062723c751e8b465ee728b)
Start importing Assets/Assets/healthbar.png using Guid(2f54172f8c39f5947965c2881af05085) Importer(815301076,1909f56bfc062723c751e8b465ee728b)  -> (artifact id: '5389c709b178c02cd2432c081266d31b') in 0.044177 seconds
  Import took 0.046721 seconds .

========================================================================
Received Import Request.
  Time since last request: 58.624012 seconds.
  path: Assets/Assets/Health Bar.mat
  artifactKey: Guid(181744b811e27164eabdd6877fa3b44f) Importer(815301076,1909f56bfc062723c751e8b465ee728b)
Start importing Assets/Assets/Health Bar.mat using Guid(181744b811e27164eabdd6877fa3b44f) Importer(815301076,1909f56bfc062723c751e8b465ee728b)  -> (artifact id: 'fe1d918f92b08f2cd8a3d8d2bfe6c81c') in 0.024414 seconds
  Import took 0.027023 seconds .

========================================================================
Received Import Request.
  Time since last request: 1005.518878 seconds.
  path: Assets/Assets/Health Bar.mat
  artifactKey: Guid(181744b811e27164eabdd6877fa3b44f) Importer(815301076,1909f56bfc062723c751e8b465ee728b)
Start importing Assets/Assets/Health Bar.mat using Guid(181744b811e27164eabdd6877fa3b44f) Importer(815301076,1909f56bfc062723c751e8b465ee728b)  -> (artifact id: '4497144deb89c392458ed720a7d432e3') in 0.028192 seconds
  Import took 0.031831 seconds .

========================================================================
Received Prepare
Registering precompiled user dll's ...
Registered in 0.001733 seconds.
Begin MonoManager ReloadAssembly
Native extension for WindowsStandalone target not found
Refreshing native plugins compatible for Editor in 0.24 ms, found 0 plugins.
Preloading 0 native plugins for Editor in 0.00 ms.
Invoked RoslynAnalysisRunner static constructor.
RoslynAnalysisRunner will not be running.
RoslynAnalysisRunner has terminated.
Mono: successfully reloaded assembly
- Completed reload, in  0.956 seconds
Platform modules already initialized, skipping
Refreshing native plugins compatible for Editor in 0.40 ms, found 0 plugins.
Preloading 0 native plugins for Editor in 0.00 ms.
Unloading 1094 Unused Serialized files (Serialized files now loaded: 0)
System memory in use before: 60.1 MB.
System memory in use after: 60.2 MB.

Unloading 5 unused Assets to reduce memory usage. Loaded Objects now: 1588.
Total: 1.822800 ms (FindLiveObjects: 0.147200 ms CreateObjectMapping: 0.042700 ms MarkObjects: 1.587900 ms  DeleteObjects: 0.043600 ms)

========================================================================
Received Import Request.
  Time since last request: 3544.810744 seconds.
  path: Assets/Assets/Health Bar.shader
  artifactKey: Guid(17d6fcd229d404345bbf684aedf2f499) Importer(815301076,1909f56bfc062723c751e8b465ee728b)
Start importing Assets/Assets/Health Bar.shader using Guid(17d6fcd229d404345bbf684aedf2f499) Importer(815301076,1909f56bfc062723c751e8b465ee728b)  -> (artifact id: '71bbd2f81224df9cc954b4b393a2ba87') in 0.019907 seconds
  Import took 0.023474 seconds .

========================================================================
Received Import Request.
  Time since last request: 272.791007 seconds.
  path: Assets/Assets/Health Bar.shader
  artifactKey: Guid(17d6fcd229d404345bbf684aedf2f499) Importer(815301076,1909f56bfc062723c751e8b465ee728b)
Start importing Assets/Assets/Health Bar.shader using Guid(17d6fcd229d404345bbf684aedf2f499) Importer(815301076,1909f56bfc062723c751e8b465ee728b)  -> (artifact id: '9481e724116c137e604ad12c2b5cc1f9') in 0.008016 seconds
  Import took 0.010554 seconds .

========================================================================
Received Import Request.
  Time since last request: 1144.642685 seconds.
  path: Assets/Assets/healthbar.png
  artifactKey: Guid(2f54172f8c39f5947965c2881af05085) Importer(815301076,1909f56bfc062723c751e8b465ee728b)
Start importing Assets/Assets/healthbar.png using Guid(2f54172f8c39f5947965c2881af05085) Importer(815301076,1909f56bfc062723c751e8b465ee728b)  -> (artifact id: 'c158530b6cfd332a4d637237ab81df2f') in 0.051825 seconds
  Import took 0.054954 seconds .

========================================================================
Received Import Request.
  Time since last request: 9.823088 seconds.
  path: Assets/Assets/Health Bar.mat
  artifactKey: Guid(181744b811e27164eabdd6877fa3b44f) Importer(815301076,1909f56bfc062723c751e8b465ee728b)
Start importing Assets/Assets/Health Bar.mat using Guid(181744b811e27164eabdd6877fa3b44f) Importer(815301076,1909f56bfc062723c751e8b465ee728b)  -> (artifact id: '42d3325ae4d603091df46bf2ac568a1e') in 0.053134 seconds
  Import took 0.055954 seconds .

========================================================================
Received Import Request.
  Time since last request: 1141.385223 seconds.
  path: Assets/Assets/Health Bar.mat
  artifactKey: Guid(181744b811e27164eabdd6877fa3b44f) Importer(815301076,1909f56bfc062723c751e8b465ee728b)
Start importing Assets/Assets/Health Bar.mat using Guid(181744b811e27164eabdd6877fa3b44f) Importer(815301076,1909f56bfc062723c751e8b465ee728b)  -> (artifact id: 'bee30d836a20345f00112c733106ba2a') in 0.032801 seconds
  Import took 0.035862 seconds .

========================================================================
Received Import Request.
  Time since last request: 658.523100 seconds.
  path: Assets/Assets/Health Bar.mat
  artifactKey: Guid(181744b811e27164eabdd6877fa3b44f) Importer(815301076,1909f56bfc062723c751e8b465ee728b)
Start importing Assets/Assets/Health Bar.mat using Guid(181744b811e27164eabdd6877fa3b44f) Importer(815301076,1909f56bfc062723c751e8b465ee728b)  -> (artifact id: 'f63aebc8e5b0818483b5c1d50882dd4b') in 0.020297 seconds
  Import took 0.023650 seconds .

========================================================================
Received Import Request.
  Time since last request: 1044.556297 seconds.
  path: Assets/Assets/Health Bar.mat
  artifactKey: Guid(181744b811e27164eabdd6877fa3b44f) Importer(815301076,1909f56bfc062723c751e8b465ee728b)
Start importing Assets/Assets/Health Bar.mat using Guid(181744b811e27164eabdd6877fa3b44f) Importer(815301076,1909f56bfc062723c751e8b465ee728b)  -> (artifact id: 'f11f1c41b35234002116ff1f70276f1e') in 0.031657 seconds
  Import took 0.035047 seconds .

AssetImportWorkerClient::OnTransportError - code=2 error=End of file
